<?xml version="1.0" encoding="UTF-8"?>
<!-- Generated by org.testng.reporters.JUnitReportReporter -->
<testsuite hostname="SHI58495EU1113F" name="com.test.qa.dropbox.testCases.FileUploadTest" tests="5" failures="0" timestamp="1 Sep 2018 15:40:55 GMT" time="94.858" errors="0">
  <testcase name="searchUploadedFileTestCase" time="19.557" classname="com.test.qa.dropbox.testCases.FileUploadTest"/>
  <testcase name="createFolderTest" time="18.535" classname="com.test.qa.dropbox.testCases.FileUploadTest"/>
  <testcase name="fileUploadTest" time="27.198" classname="com.test.qa.dropbox.testCases.FileUploadTest"/>
  <testcase name="deleteUploadedFile" time="14.552" classname="com.test.qa.dropbox.testCases.FileUploadTest"/>
  <testcase name="loginValidation" time="15.016" classname="com.test.qa.dropbox.testCases.FileUploadTest"/>
</testsuite> <!-- com.test.qa.dropbox.testCases.FileUploadTest -->
