<?xml version="1.0" encoding="UTF-8"?>
<!-- Generated by org.testng.reporters.JUnitReportReporter -->
<testsuite hostname="SHI58495EU1113F" name="com.test.qa.dropbox.testCases.LoginTest" tests="1" failures="0" timestamp="29 Aug 2018 19:43:26 GMT" time="20.376" errors="0">
  <testcase name="loginTest" time="20.376" classname="com.test.qa.dropbox.testCases.LoginTest"/>
</testsuite> <!-- com.test.qa.dropbox.testCases.LoginTest -->
