<?xml version="1.0" encoding="UTF-8"?>
<!-- Generated by org.testng.reporters.JUnitReportReporter -->
<testsuite hostname="SHI58495EU1113F" name="com.test.qa.dropbox.testCases.TestCases" tests="5" failures="0" timestamp="1 Sep 2018 21:04:52 GMT" time="106.854" errors="0">
  <testcase name="searchUploadedFileTestCase" time="21.193" classname="com.test.qa.dropbox.testCases.TestCases"/>
  <testcase name="createFolderTest" time="17.025" classname="com.test.qa.dropbox.testCases.TestCases"/>
  <testcase name="fileUploadTest" time="37.711" classname="com.test.qa.dropbox.testCases.TestCases"/>
  <testcase name="deleteUploadedFile" time="15.382" classname="com.test.qa.dropbox.testCases.TestCases"/>
  <testcase name="loginValidation" time="15.543" classname="com.test.qa.dropbox.testCases.TestCases"/>
</testsuite> <!-- com.test.qa.dropbox.testCases.TestCases -->
